<?xml version="1.0" encoding="UTF-8"?>
<!-- Generated by org.testng.reporters.JUnitReportReporter -->
<testsuite hostname="DESKTOP-UAJCI39" failures="0" tests="1" name="testCases.TC001_AccountRegistrationTest" time="5.146" errors="0" timestamp="2023-09-07T07:54:37 IST" skipped="0">
  <testcase classname="testCases.TC001_AccountRegistrationTest" name="test_account_registration" time="5.146"/>
  <system-out/>
</testsuite> <!-- testCases.TC001_AccountRegistrationTest -->
