<?xml version="1.0" encoding="UTF-8"?>
<!-- Generated by org.testng.reporters.JUnitReportReporter -->
<testsuite hostname="DESKTOP-UAJCI39" failures="0" tests="1" name="testCases.TC002_LoginTest" time="4.028" errors="0" timestamp="2023-09-07T07:54:37 IST" skipped="0">
  <testcase classname="testCases.TC002_LoginTest" name="login_test" time="4.028"/>
  <system-out/>
</testsuite> <!-- testCases.TC002_LoginTest -->
